<?xml version="1.0" encoding="UTF-8"?>
<testsuite xmlns:xsi="http://www.w3.org/2001/XMLSchema-instance" xsi:noNamespaceSchemaLocation="https://maven.apache.org/surefire/maven-surefire-plugin/xsd/surefire-test-report-3.0.xsd" version="3.0" name="Test.TicketPoolTest" time="0.076" tests="1" errors="0" skipped="0" failures="0">
  <properties>
    <property name="java.specification.version" value="17"/>
    <property name="sun.cpu.isalist" value="amd64"/>
    <property name="sun.jnu.encoding" value="Cp1252"/>
    <property name="java.class.path" value="C:\Users\Dinesh\Documents\NetBeansProjects\TicketingCLI04\target\test-classes;C:\Users\Dinesh\Documents\NetBeansProjects\TicketingCLI04\target\classes;C:\Users\Dinesh\.m2\repository\com\google\code\gson\gson\2.10\gson-2.10.jar;C:\Users\Dinesh\.m2\repository\org\junit\jupiter\junit-jupiter-api\5.9.3\junit-jupiter-api-5.9.3.jar;C:\Users\Dinesh\.m2\repository\org\opentest4j\opentest4j\1.2.0\opentest4j-1.2.0.jar;C:\Users\Dinesh\.m2\repository\org\junit\platform\junit-platform-commons\1.9.3\junit-platform-commons-1.9.3.jar;C:\Users\Dinesh\.m2\repository\org\apiguardian\apiguardian-api\1.1.2\apiguardian-api-1.1.2.jar;C:\Users\Dinesh\.m2\repository\org\testng\testng\7.8.0\testng-7.8.0.jar;C:\Users\Dinesh\.m2\repository\org\slf4j\slf4j-api\1.7.36\slf4j-api-1.7.36.jar;C:\Users\Dinesh\.m2\repository\com\beust\jcommander\1.82\jcommander-1.82.jar;C:\Users\Dinesh\.m2\repository\org\webjars\jquery\3.6.1\jquery-3.6.1.jar;"/>
    <property name="java.vm.vendor" value="Oracle Corporation"/>
    <property name="sun.arch.data.model" value="64"/>
    <property name="user.variant" value=""/>
    <property name="java.vendor.url" value="https://java.oracle.com/"/>
    <property name="user.timezone" value="Asia/Colombo"/>
    <property name="os.name" value="Windows 10"/>
    <property name="java.vm.specification.version" value="17"/>
    <property name="user.country" value="US"/>
    <property name="sun.java.launcher" value="SUN_STANDARD"/>
    <property name="sun.boot.library.path" value="C:\Program Files\Java\jdk-17\bin"/>
    <property name="sun.java.command" value="C:\Users\Dinesh\AppData\Local\Temp\surefire14819618072336097749\surefirebooter-20241206004606461_3.jar C:\Users\Dinesh\AppData\Local\Temp\surefire14819618072336097749 2024-12-06T00-46-06_219-jvmRun1 surefire-20241206004606461_1tmp surefire_0-20241206004606461_2tmp"/>
    <property name="jdk.debug" value="release"/>
    <property name="test" value="Test.TicketPoolTest#testAddTicketsWhenSpaceAvailable"/>
    <property name="surefire.test.class.path" value="C:\Users\Dinesh\Documents\NetBeansProjects\TicketingCLI04\target\test-classes;C:\Users\Dinesh\Documents\NetBeansProjects\TicketingCLI04\target\classes;C:\Users\Dinesh\.m2\repository\com\google\code\gson\gson\2.10\gson-2.10.jar;C:\Users\Dinesh\.m2\repository\org\junit\jupiter\junit-jupiter-api\5.9.3\junit-jupiter-api-5.9.3.jar;C:\Users\Dinesh\.m2\repository\org\opentest4j\opentest4j\1.2.0\opentest4j-1.2.0.jar;C:\Users\Dinesh\.m2\repository\org\junit\platform\junit-platform-commons\1.9.3\junit-platform-commons-1.9.3.jar;C:\Users\Dinesh\.m2\repository\org\apiguardian\apiguardian-api\1.1.2\apiguardian-api-1.1.2.jar;C:\Users\Dinesh\.m2\repository\org\testng\testng\7.8.0\testng-7.8.0.jar;C:\Users\Dinesh\.m2\repository\org\slf4j\slf4j-api\1.7.36\slf4j-api-1.7.36.jar;C:\Users\Dinesh\.m2\repository\com\beust\jcommander\1.82\jcommander-1.82.jar;C:\Users\Dinesh\.m2\repository\org\webjars\jquery\3.6.1\jquery-3.6.1.jar;"/>
    <property name="sun.cpu.endian" value="little"/>
    <property name="user.home" value="C:\Users\Dinesh"/>
    <property name="user.language" value="en"/>
    <property name="java.specification.vendor" value="Oracle Corporation"/>
    <property name="java.version.date" value="2024-10-15"/>
    <property name="java.home" value="C:\Program Files\Java\jdk-17"/>
    <property name="file.separator" value="\"/>
    <property name="basedir" value="C:\Users\Dinesh\Documents\NetBeansProjects\TicketingCLI04"/>
    <property name="java.vm.compressedOopsMode" value="32-bit"/>
    <property name="line.separator" value="&#10;"/>
    <property name="java.vm.specification.vendor" value="Oracle Corporation"/>
    <property name="java.specification.name" value="Java Platform API Specification"/>
    <property name="surefire.real.class.path" value="C:\Users\Dinesh\AppData\Local\Temp\surefire14819618072336097749\surefirebooter-20241206004606461_3.jar"/>
    <property name="user.script" value=""/>
    <property name="sun.management.compiler" value="HotSpot 64-Bit Tiered Compilers"/>
    <property name="java.runtime.version" value="17.0.13+10-LTS-268"/>
    <property name="user.name" value="Dinesh"/>
    <property name="path.separator" value=";"/>
    <property name="os.version" value="10.0"/>
    <property name="java.runtime.name" value="Java(TM) SE Runtime Environment"/>
    <property name="file.encoding" value="UTF-8"/>
    <property name="java.vm.name" value="Java HotSpot(TM) 64-Bit Server VM"/>
    <property name="maven.ext.class.path" value="D:\NetBeans-18\netbeans\java\maven-nblib\netbeans-eventspy.jar"/>
    <property name="localRepository" value="C:\Users\Dinesh\.m2\repository"/>
    <property name="java.vendor.url.bug" value="https://bugreport.java.com/bugreport/"/>
    <property name="java.io.tmpdir" value="C:\Users\Dinesh\AppData\Local\Temp\"/>
    <property name="java.version" value="17.0.13"/>
    <property name="user.dir" value="C:\Users\Dinesh\Documents\NetBeansProjects\TicketingCLI04"/>
    <property name="os.arch" value="amd64"/>
    <property name="java.vm.specification.name" value="Java Virtual Machine Specification"/>
    <property name="sun.os.patch.level" value=""/>
    <property name="native.encoding" value="Cp1252"/>
    <property name="java.library.path" value="C:\Program Files\Java\jdk-17\bin;C:\Windows\Sun\Java\bin;C:\Windows\system32;C:\Windows;C:\Program Files\Common Files\Oracle\Java\javapath;C:\Program Files (x86)\Common Files\Oracle\Java\javapath;C:\Users\Dinesh\AppData\Local\Programs\Python\Python312\Scripts\;C:\Users\Dinesh\AppData\Local\Programs\Python\Python312\;C:\oracle\bin;C:\Windows\system32;C:\Windows;C:\Windows\System32\Wbem;C:\Windows\System32\WindowsPowerShell\v1.0\;C:\Windows\System32\OpenSSH\;D:\SonarCube\sonar-scanner-4.7.0.2747-windows\bin;C:\Program Files\dotnet\;C:\xampp\php;C:\ProgramData\ComposerSetup\bin;C:\flutter\bin;C:\mongosh-1.10.0-win32-x64\bin;C:\apache-maven-3.9.2\bin;C:\Java\jdk1.8.0_291\bin;C:\Program Files\Graphviz\bin;C:\Program Files\nodejs\;C:\ProgramData\chocolatey\bin;C:\Program Files\Git\cmd;C:\Program Files\Microsoft SQL Server\150\Tools\Binn\;C:\Program Files (x86)\Microsoft SQL Server\160\DTS\Binn\;C:\Program Files\Azure Data Studio\bin;C:\Program Files (x86)\Microsoft SQL Server\160\Tools\Binn\;C:\Program Files\Microsoft SQL Server\160\Tools\Binn\;C:\Program Files\Microsoft SQL Server\Client SDK\ODBC\170\Tools\Binn\;C:\Program Files\Microsoft SQL Server\160\DTS\Binn\;C:\Program Files\Docker\Docker\resources\bin;C:\minikube;D:\helm\windows-amd64;D:\Ruby32-x64\bin;C:\Users\Dinesh\scoop\shims;C:\Program Files\Java\jdk1.8.0_361\bin;C:\Users\Dinesh\AppData\Local\Programs\Microsoft VS Code\bin;D:\IntelliJ IDEA 2023.2.1\bin;;C:\Users\Dinesh\.dotnet\tools;C:\Users\Dinesh\AppData\Roaming\npm;C:\Program Files\Azure Data Studio\bin;D:\helm\windows-amd64;;."/>
    <property name="java.vm.info" value="mixed mode, sharing"/>
    <property name="java.vendor" value="Oracle Corporation"/>
    <property name="java.vm.version" value="17.0.13+10-LTS-268"/>
    <property name="java.specification.maintenance.version" value="1"/>
    <property name="sun.io.unicode.encoding" value="UnicodeLittle"/>
    <property name="java.class.version" value="61.0"/>
  </properties>
  <testcase name="testAddTicketsWhenSpaceAvailable" classname="Test.TicketPoolTest" time="0.051">
    <system-out><![CDATA[Tickets remaining to be released: 20
Vendor [Vendor A] released 5 Concert ticket(s).
Current pool size: 5/10.
]]></system-out>
  </testcase>
</testsuite>